[01m[K/home/astrox/robot_model/src/robot_controller/src/read_controller.cpp:31:23:[m[K [01;31m[Kerror: [m[Kâ€˜[01m[Knav_msgs[m[Kâ€™ was not declared in this scope
   31 |     rclcpp::Publisher<[01;31m[Knav_msgs[m[K::msg::Twist>::SharedPtr _non_holonomic;
      |                       [01;31m[K^~~~~~~~[m[K
[01m[K/home/astrox/robot_model/src/robot_controller/src/read_controller.cpp:31:43:[m[K [01;31m[Kerror: [m[Ktemplate argument 1 is invalid
   31 |     rclcpp::Publisher<nav_msgs::msg::Twist[01;31m[K>[m[K::SharedPtr _non_holonomic;
      |                                           [01;31m[K^[m[K
[01m[K/home/astrox/robot_model/src/robot_controller/src/read_controller.cpp:31:46:[m[K [01;31m[Kerror: [m[Kexpected â€˜[01m[K;[m[Kâ€™ at end of member declaration
   31 |     rclcpp::Publisher<nav_msgs::msg::Twist>::[01;31m[KSharedPtr[m[K _non_holonomic;
      |                                              [01;31m[K^~~~~~~~~[m[K
      |                                                       [32m[K;[m[K
[01m[K/home/astrox/robot_model/src/robot_controller/src/read_controller.cpp:31:56:[m[K [01;31m[Kerror: [m[Kâ€˜[01m[K_non_holonomic[m[Kâ€™ does not name a type
   31 |     rclcpp::Publisher<nav_msgs::msg::Twist>::SharedPtr [01;31m[K_non_holonomic[m[K;
      |                                                        [01;31m[K^~~~~~~~~~~~~~[m[K
[01m[K/home/astrox/robot_model/src/robot_controller/src/read_controller.cpp:32:23:[m[K [01;31m[Kerror: [m[Kâ€˜[01m[Knav_msgs[m[Kâ€™ was not declared in this scope
   32 |     rclcpp::Publisher<[01;31m[Knav_msgs[m[K::msg::Twist>::SharedPtr _holonomic;
      |                       [01;31m[K^~~~~~~~[m[K
[01m[K/home/astrox/robot_model/src/robot_controller/src/read_controller.cpp:32:43:[m[K [01;31m[Kerror: [m[Ktemplate argument 1 is invalid
   32 |     rclcpp::Publisher<nav_msgs::msg::Twist[01;31m[K>[m[K::SharedPtr _holonomic;
      |                                           [01;31m[K^[m[K
[01m[K/home/astrox/robot_model/src/robot_controller/src/read_controller.cpp:32:46:[m[K [01;31m[Kerror: [m[Kexpected â€˜[01m[K;[m[Kâ€™ at end of member declaration
   32 |     rclcpp::Publisher<nav_msgs::msg::Twist>::[01;31m[KSharedPtr[m[K _holonomic;
      |                                              [01;31m[K^~~~~~~~~[m[K
      |                                                       [32m[K;[m[K
[01m[K/home/astrox/robot_model/src/robot_controller/src/read_controller.cpp:32:46:[m[K [01;31m[Kerror: [m[Kredeclaration of â€˜[01m[Kint JoyReader::SharedPtr[m[Kâ€™
[01m[K/home/astrox/robot_model/src/robot_controller/src/read_controller.cpp:31:46:[m[K [01;36m[Knote: [m[Kprevious declaration â€˜[01m[Kint JoyReader::SharedPtr[m[Kâ€™
   31 |     rclcpp::Publisher<nav_msgs::msg::Twist>::[01;36m[KSharedPtr[m[K _non_holonomic;
      |                                              [01;36m[K^~~~~~~~~[m[K
[01m[K/home/astrox/robot_model/src/robot_controller/src/read_controller.cpp:32:56:[m[K [01;31m[Kerror: [m[Kâ€˜[01m[K_holonomic[m[Kâ€™ does not name a type
   32 |     rclcpp::Publisher<nav_msgs::msg::Twist>::SharedPtr [01;31m[K_holonomic[m[K;
      |                                                        [01;31m[K^~~~~~~~~~[m[K
[01m[K/home/astrox/robot_model/src/robot_controller/src/read_controller.cpp:[m[K In constructor â€˜[01m[KJoyReader::[01;32m[KJoyReader[m[K()[m[Kâ€™:
[01m[K/home/astrox/robot_model/src/robot_controller/src/read_controller.cpp:15:9:[m[K [01;31m[Kerror: [m[Kâ€˜[01m[K_non_holonomic[m[Kâ€™ was not declared in this scope
   15 |         [01;31m[K_non_holonomic[m[K = this->create_publisher<geometry_msgs::msg::Twist>("speed/non_holonomic", 10);
      |         [01;31m[K^~~~~~~~~~~~~~[m[K
[01m[K/home/astrox/robot_model/src/robot_controller/src/read_controller.cpp:17:9:[m[K [01;31m[Kerror: [m[Kâ€˜[01m[K_holonomic[m[Kâ€™ was not declared in this scope
   17 |         [01;31m[K_holonomic[m[K = this->create_publisher<geometry_msgs::msg::Twist>("speed/holonomic", 10);
      |         [01;31m[K^~~~~~~~~~[m[K
gmake[2]: *** [CMakeFiles/ps2_controller.dir/build.make:76: CMakeFiles/ps2_controller.dir/src/read_controller.cpp.o] Error 1
gmake[1]: *** [CMakeFiles/Makefile2:137: CMakeFiles/ps2_controller.dir/all] Error 2
gmake: *** [Makefile:146: all] Error 2
