[0.013s] Invoking command in '/home/astrox/robot_model/build/robot_controller': CMAKE_PREFIX_PATH=${CMAKE_PREFIX_PATH}:/opt/ros/jazzy DEBUGINFOD_URLS=https://debuginfod.ubuntu.com /usr/bin/cmake --build /home/astrox/robot_model/build/robot_controller -- -j12 -l12
[0.034s] -- Found ament_cmake: 2.5.2 (/opt/ros/jazzy/share/ament_cmake/cmake)
[0.213s] -- Found rclcpp: 28.1.5 (/opt/ros/jazzy/share/rclcpp/cmake)
[0.236s] -- Found rosidl_generator_c: 4.6.4 (/opt/ros/jazzy/share/rosidl_generator_c/cmake)
[0.244s] -- Found rosidl_generator_cpp: 4.6.4 (/opt/ros/jazzy/share/rosidl_generator_cpp/cmake)
[0.254s] -- Using all available rosidl_typesupport_c: rosidl_typesupport_fastrtps_c;rosidl_typesupport_introspection_c
[0.266s] -- Using all available rosidl_typesupport_cpp: rosidl_typesupport_fastrtps_cpp;rosidl_typesupport_introspection_cpp
[0.322s] -- Found rmw_implementation_cmake: 7.3.1 (/opt/ros/jazzy/share/rmw_implementation_cmake/cmake)
[0.324s] -- Found rmw_fastrtps_cpp: 8.4.1 (/opt/ros/jazzy/share/rmw_fastrtps_cpp/cmake)
[0.377s] -- Using RMW implementation 'rmw_fastrtps_cpp' as default
[0.435s] -- Found sensor_msgs: 5.3.5 (/opt/ros/jazzy/share/sensor_msgs/cmake)
[0.495s] -- Found ament_lint_auto: 0.17.1 (/opt/ros/jazzy/share/ament_lint_auto/cmake)
[0.572s] -- Added test 'cppcheck' to perform static code analysis on C / C++ code
[0.572s] -- Configured cppcheck include dirs: 
[0.572s] -- Configured cppcheck exclude dirs and/or files: 
[0.573s] -- Added test 'lint_cmake' to check CMake code style
[0.574s] -- Added test 'uncrustify' to check C / C++ code style
[0.574s] -- Configured uncrustify additional arguments: 
[0.574s] -- Added test 'xmllint' to check XML markup files
[0.575s] -- Configuring done (0.5s)
[0.587s] -- Generating done (0.0s)
[0.590s] -- Build files have been written to: /home/astrox/robot_model/build/robot_controller
[0.627s] [ 50%] [32mBuilding CXX object CMakeFiles/ps2_controller.dir/src/read_controller.cpp.o[0m
[2.685s] [01m[K/home/astrox/robot_model/src/robot_controller/src/read_controller.cpp:[m[K In constructor â€˜[01m[KJoyReader::[01;32m[KJoyReader[m[K()[m[Kâ€™:
[2.685s] [01m[K/home/astrox/robot_model/src/robot_controller/src/read_controller.cpp:15:9:[m[K [01;31m[Kerror: [m[Kinvalid use of member function â€˜[01m[Kvoid JoyReader::[01;32m[Knon_holonomic[m[K(double, double)[m[Kâ€™ (did you forget the â€˜[01m[K()[m[Kâ€™ ?)
[2.685s]    15 |         [01;31m[Knon_holonomic[m[K = this->create_publisher<geometry_msgs::msg::Twist>("speed/non_holonomic", 10);
[2.685s]       |         [01;31m[K^~~~~~~~~~~~~[m[K
[2.686s] [01m[K/home/astrox/robot_model/src/robot_controller/src/read_controller.cpp:17:9:[m[K [01;31m[Kerror: [m[Kinvalid use of member function â€˜[01m[Kvoid JoyReader::[01;32m[Kholonomic[m[K(double, double)[m[Kâ€™ (did you forget the â€˜[01m[K()[m[Kâ€™ ?)
[2.686s]    17 |         [01;31m[Kholonomic[m[K = this->create_publisher<geometry_msgs::msg::Twist>("speed/holonomic", 10);
[2.686s]       |         [01;31m[K^~~~~~~~~[m[K
[2.690s] [01m[K/home/astrox/robot_model/src/robot_controller/src/read_controller.cpp:19:9:[m[K [01;31m[Kerror: [m[Kâ€˜[01m[Ktimer_[m[Kâ€™ was not declared in this scope; did you mean â€˜[01m[Ktimer_t[m[Kâ€™?
[2.690s]    19 |         [01;31m[Ktimer_[m[K = this->create_wall_timer(std::chrono::milliseconds(10), std::bind(&RobotTracking::computeTracking, this));
[2.690s]       |         [01;31m[K^~~~~~[m[K
[2.690s]       |         [32m[Ktimer_t[m[K
[2.690s] [01m[K/home/astrox/robot_model/src/robot_controller/src/read_controller.cpp:19:84:[m[K [01;31m[Kerror: [m[Kâ€˜[01m[KRobotTracking[m[Kâ€™ has not been declared
[2.690s]    19 |         timer_ = this->create_wall_timer(std::chrono::milliseconds(10), std::bind(&[01;31m[KRobotTracking[m[K::computeTracking, this));
[2.690s]       |                                                                                    [01;31m[K^~~~~~~~~~~~~[m[K
[2.693s] [01m[K/home/astrox/robot_model/src/robot_controller/src/read_controller.cpp:[m[K In member function â€˜[01m[Kvoid JoyReader::[01;32m[Knon_holonomic[m[K(double, double)[m[Kâ€™:
[2.693s] [01m[K/home/astrox/robot_model/src/robot_controller/src/read_controller.cpp:30:31:[m[K [01;35m[Kwarning: [m[Kunused parameter â€˜[01m[Kaxes_i[m[Kâ€™ [[01;35m[K]8;;https://gcc.gnu.org/onlinedocs/gcc/Warning-Options.html#index-Wunused-parameter-Wunused-parameter]8;;[m[K]
[2.693s]    30 |     void non_holonomic([01;35m[Kdouble axes_i[m[K,double axes_ii)
[2.693s]       |                        [01;35m[K~~~~~~~^~~~~~[m[K
[2.693s] [01m[K/home/astrox/robot_model/src/robot_controller/src/read_controller.cpp:30:45:[m[K [01;35m[Kwarning: [m[Kunused parameter â€˜[01m[Kaxes_ii[m[Kâ€™ [[01;35m[K]8;;https://gcc.gnu.org/onlinedocs/gcc/Warning-Options.html#index-Wunused-parameter-Wunused-parameter]8;;[m[K]
[2.693s]    30 |     void non_holonomic(double axes_i,[01;35m[Kdouble axes_ii[m[K)
[2.693s]       |                                      [01;35m[K~~~~~~~^~~~~~~[m[K
[2.693s] [01m[K/home/astrox/robot_model/src/robot_controller/src/read_controller.cpp:[m[K In member function â€˜[01m[Kvoid JoyReader::[01;32m[Kholonomic[m[K(double, double)[m[Kâ€™:
[2.693s] [01m[K/home/astrox/robot_model/src/robot_controller/src/read_controller.cpp:34:27:[m[K [01;35m[Kwarning: [m[Kunused parameter â€˜[01m[Kaxes_i[m[Kâ€™ [[01;35m[K]8;;https://gcc.gnu.org/onlinedocs/gcc/Warning-Options.html#index-Wunused-parameter-Wunused-parameter]8;;[m[K]
[2.693s]    34 |     void holonomic([01;35m[Kdouble axes_i[m[K,double axes_ii)
[2.693s]       |                    [01;35m[K~~~~~~~^~~~~~[m[K
[2.693s] [01m[K/home/astrox/robot_model/src/robot_controller/src/read_controller.cpp:34:41:[m[K [01;35m[Kwarning: [m[Kunused parameter â€˜[01m[Kaxes_ii[m[Kâ€™ [[01;35m[K]8;;https://gcc.gnu.org/onlinedocs/gcc/Warning-Options.html#index-Wunused-parameter-Wunused-parameter]8;;[m[K]
[2.693s]    34 |     void holonomic(double axes_i,[01;35m[Kdouble axes_ii[m[K)
[2.693s]       |                                  [01;35m[K~~~~~~~^~~~~~~[m[K
[4.814s] gmake[2]: *** [CMakeFiles/ps2_controller.dir/build.make:76: CMakeFiles/ps2_controller.dir/src/read_controller.cpp.o] Error 1
[4.814s] gmake[1]: *** [CMakeFiles/Makefile2:137: CMakeFiles/ps2_controller.dir/all] Error 2
[4.814s] gmake: *** [Makefile:146: all] Error 2
[4.816s] Invoked command in '/home/astrox/robot_model/build/robot_controller' returned '2': CMAKE_PREFIX_PATH=${CMAKE_PREFIX_PATH}:/opt/ros/jazzy DEBUGINFOD_URLS=https://debuginfod.ubuntu.com /usr/bin/cmake --build /home/astrox/robot_model/build/robot_controller -- -j12 -l12
