<?xml version="1.0" encoding="UTF-8"?>
<Site BuildName="(empty)"
	BuildStamp="20241121-0800-Experimental"
	Name="astrox"
	Generator="ctest-3.28.3"
	CompilerName="/usr/bin/g++"
	CompilerVersion="13.2.0"
	OSName="Linux"
	Hostname="astrox"
	OSRelease="6.8.0-49-generic"
	OSVersion="#49-Ubuntu SMP PREEMPT_DYNAMIC Mon Nov  4 02:06:24 UTC 2024"
	OSPlatform="x86_64"
	Is64Bits="1"
	VendorString="GenuineIntel"
	VendorID="Intel Corporation"
	FamilyID="6"
	ModelID="165"
	ProcessorCacheSize="12288"
	NumberOfLogicalCPU="12"
	NumberOfPhysicalCPU="6"
	TotalVirtualMemory="4095"
	TotalPhysicalMemory="15752"
	LogicalProcessorsPerPhysical="2"
	ProcessorClockFrequency="4199.81"
	>
	<Testing>
		<StartDateTime>Nov 21 15:00 +07</StartDateTime>
		<StartTestTime>1732176033</StartTestTime>
		<TestList/>
		<EndDateTime>Nov 21 15:00 +07</EndDateTime>
		<EndTestTime>1732176033</EndTestTime>
		<ElapsedMinutes>0</ElapsedMinutes>
	</Testing>
</Site>
