[0.014s] Invoking command in '/home/astrox/robot_model/build/robot_controller': CMAKE_PREFIX_PATH=${CMAKE_PREFIX_PATH}:/opt/ros/jazzy DEBUGINFOD_URLS=https://debuginfod.ubuntu.com /usr/bin/cmake --build /home/astrox/robot_model/build/robot_controller -- -j12 -l12
[0.065s] [ 50%] [32mBuilding CXX object CMakeFiles/ps2_controller.dir/src/read_controller.cpp.o[0m
[2.268s] [01m[K/home/astrox/robot_model/src/robot_controller/src/read_controller.cpp:30:53:[m[K [01;31m[Kerror: [m[Kexpected â€˜[01m[K;[m[Kâ€™ at end of member declaration
[2.268s]    30 |     void _non_holonomic(double axes_i,double axes_ii[01;31m[K)[m[K
[2.268s]       |                                                     [01;31m[K^[m[K
[2.268s]       |                                                      [32m[K;[m[K
[2.301s] [01m[K/home/astrox/robot_model/src/robot_controller/src/read_controller.cpp:[m[K In constructor â€˜[01m[KJoyReader::[01;32m[KJoyReader[m[K()[m[Kâ€™:
[2.301s] [01m[K/home/astrox/robot_model/src/robot_controller/src/read_controller.cpp:15:9:[m[K [01;31m[Kerror: [m[Kinvalid use of member function â€˜[01m[Kvoid JoyReader::[01;32m[K_non_holonomic[m[K(double, double)[m[Kâ€™ (did you forget the â€˜[01m[K()[m[Kâ€™ ?)
[2.301s]    15 |         [01;31m[K_non_holonomic[m[K = this->create_publisher<geometry_msgs::msg::Twist>("speed/non_holonomic", 10);
[2.301s]       |         [01;31m[K^~~~~~~~~~~~~~[m[K
[2.308s] [01m[K/home/astrox/robot_model/src/robot_controller/src/read_controller.cpp:17:9:[m[K [01;31m[Kerror: [m[Kâ€˜[01m[K_holonomic[m[Kâ€™ was not declared in this scope; did you mean â€˜[01m[K_non_holonomic[m[Kâ€™?
[2.308s]    17 |         [01;31m[K_holonomic[m[K = this->create_publisher<geometry_msgs::msg::Twist>("speed/holonomic", 10);
[2.308s]       |         [01;31m[K^~~~~~~~~~[m[K
[2.308s]       |         [32m[K_non_holonomic[m[K
[4.536s] gmake[2]: *** [CMakeFiles/ps2_controller.dir/build.make:76: CMakeFiles/ps2_controller.dir/src/read_controller.cpp.o] Error 1
[4.536s] gmake[1]: *** [CMakeFiles/Makefile2:137: CMakeFiles/ps2_controller.dir/all] Error 2
[4.536s] gmake: *** [Makefile:146: all] Error 2
[4.538s] Invoked command in '/home/astrox/robot_model/build/robot_controller' returned '2': CMAKE_PREFIX_PATH=${CMAKE_PREFIX_PATH}:/opt/ros/jazzy DEBUGINFOD_URLS=https://debuginfod.ubuntu.com /usr/bin/cmake --build /home/astrox/robot_model/build/robot_controller -- -j12 -l12
