[01m[K/home/astrox/robot_model/src/robot_model/src/holonomic.cpp:[m[K In constructor â€˜[01m[KOdometryPublisher::[01;32m[KOdometryPublisher[m[K()[m[Kâ€™:
[01m[K/home/astrox/robot_model/src/robot_model/src/holonomic.cpp:21:9:[m[K [01;31m[Kerror: [m[Kâ€˜[01m[K_read_speed[m[Kâ€™ was not declared in this scope
   21 |         [01;31m[K_read_speed[m[K = this->create_subscription<geometry_msgs::msg::Twist>("peed/holonomic", 10, std::bind(&OdometryPublisher::callback_holonomic, this, std::placeholders::_1));
      |         [01;31m[K^~~~~~~~~~~[m[K
[01m[K/home/astrox/robot_model/src/robot_model/src/holonomic.cpp:[m[K In member function â€˜[01m[Kvoid OdometryPublisher::[01;32m[Kpublish[m[K()[m[Kâ€™:
[01m[K/home/astrox/robot_model/src/robot_model/src/holonomic.cpp:44:30:[m[K [01;31m[Kerror: [m[Kâ€˜[01m[Kcurrent_theta[m[Kâ€™ was not declared in this scope; did you mean â€˜[01m[Kcurrent_time[m[Kâ€™?
   44 |         linear_x = vx_ * cos([01;31m[Kcurrent_theta[m[K) - vy_ * sin(current_theta);
      |                              [01;31m[K^~~~~~~~~~~~~[m[K
      |                              [32m[Kcurrent_time[m[K
gmake[2]: *** [CMakeFiles/holonomic.dir/build.make:76: CMakeFiles/holonomic.dir/src/holonomic.cpp.o] Error 1
gmake[1]: *** [CMakeFiles/Makefile2:137: CMakeFiles/holonomic.dir/all] Error 2
gmake: *** [Makefile:146: all] Error 2
