-- Found ament_cmake: 2.5.2 (/opt/ros/jazzy/share/ament_cmake/cmake)
-- Found geometry_msgs: 5.3.5 (/opt/ros/jazzy/share/geometry_msgs/cmake)
-- Found rosidl_generator_c: 4.6.4 (/opt/ros/jazzy/share/rosidl_generator_c/cmake)
-- Found rosidl_generator_cpp: 4.6.4 (/opt/ros/jazzy/share/rosidl_generator_cpp/cmake)
-- Using all available rosidl_typesupport_c: rosidl_typesupport_fastrtps_c;rosidl_typesupport_introspection_c
-- Using all available rosidl_typesupport_cpp: rosidl_typesupport_fastrtps_cpp;rosidl_typesupport_introspection_cpp
-- Found nav_msgs: 5.3.5 (/opt/ros/jazzy/share/nav_msgs/cmake)
-- Found tf2: 0.36.4 (/opt/ros/jazzy/share/tf2/cmake)
-- Found tf2_ros: 0.36.4 (/opt/ros/jazzy/share/tf2_ros/cmake)
-- Found rmw_implementation_cmake: 7.3.1 (/opt/ros/jazzy/share/rmw_implementation_cmake/cmake)
-- Found rmw_fastrtps_cpp: 8.4.1 (/opt/ros/jazzy/share/rmw_fastrtps_cpp/cmake)
-- Found OpenSSL: /usr/lib/x86_64-linux-gnu/libcrypto.so (found version "3.0.13")  
-- Found FastRTPS: /opt/ros/jazzy/include (Required is at least version "2.13") 
-- Using RMW implementation 'rmw_fastrtps_cpp' as default
-- Found tf2_geometry_msgs: 0.36.4 (/opt/ros/jazzy/share/tf2_geometry_msgs/cmake)
-- Found eigen3_cmake_module: 0.3.0 (/opt/ros/jazzy/share/eigen3_cmake_module/cmake)
-- Found Eigen3: TRUE (found version "3.4.0") 
-- Ensuring Eigen3 include directory is part of orocos-kdl CMake target
-- Found ament_lint_auto: 0.17.1 (/opt/ros/jazzy/share/ament_lint_auto/cmake)
-- Added test 'cppcheck' to perform static code analysis on C / C++ code
-- Configured cppcheck include dirs: 
-- Configured cppcheck exclude dirs and/or files: 
-- Added test 'lint_cmake' to check CMake code style
-- Added test 'uncrustify' to check C / C++ code style
-- Configured uncrustify additional arguments: 
-- Added test 'xmllint' to check XML markup files
-- Configuring done (0.9s)
-- Generating done (0.0s)
-- Build files have been written to: /home/astrox/robot_model/build/robot_model
[ 50%] [32mBuilding CXX object CMakeFiles/holonomic.dir/src/holonomic.cpp.o[0m
[01m[K/home/astrox/robot_model/src/robot_model/src/holonomic.cpp:[m[K In constructor â€˜[01m[KOdometryPublisher::[01;32m[KOdometryPublisher[m[K()[m[Kâ€™:
[01m[K/home/astrox/robot_model/src/robot_model/src/holonomic.cpp:21:9:[m[K [01;31m[Kerror: [m[Kâ€˜[01m[K_read_speed[m[Kâ€™ was not declared in this scope
   21 |         [01;31m[K_read_speed[m[K = this->create_subscription<geometry_msgs::msg::Twist>("peed/holonomic", 10, std::bind(&OdometryPublisher::callback_holonomic, this, std::placeholders::_1));
      |         [01;31m[K^~~~~~~~~~~[m[K
[01m[K/home/astrox/robot_model/src/robot_model/src/holonomic.cpp:[m[K In member function â€˜[01m[Kvoid OdometryPublisher::[01;32m[Kpublish[m[K()[m[Kâ€™:
[01m[K/home/astrox/robot_model/src/robot_model/src/holonomic.cpp:44:30:[m[K [01;31m[Kerror: [m[Kâ€˜[01m[Kcurrent_theta[m[Kâ€™ was not declared in this scope; did you mean â€˜[01m[Kcurrent_time[m[Kâ€™?
   44 |         linear_x = vx_ * cos([01;31m[Kcurrent_theta[m[K) - vy_ * sin(current_theta);
      |                              [01;31m[K^~~~~~~~~~~~~[m[K
      |                              [32m[Kcurrent_time[m[K
gmake[2]: *** [CMakeFiles/holonomic.dir/build.make:76: CMakeFiles/holonomic.dir/src/holonomic.cpp.o] Error 1
gmake[1]: *** [CMakeFiles/Makefile2:137: CMakeFiles/holonomic.dir/all] Error 2
gmake: *** [Makefile:146: all] Error 2
