[0.014s] Invoking command in '/home/astrox/robot_model/build/robot_controller': CMAKE_PREFIX_PATH=${CMAKE_PREFIX_PATH}:/opt/ros/jazzy DEBUGINFOD_URLS=https://debuginfod.ubuntu.com /usr/bin/cmake --build /home/astrox/robot_model/build/robot_controller -- -j12 -l12
[0.064s] [ 50%] [32mBuilding CXX object CMakeFiles/ps2_controller.dir/src/read_controller.cpp.o[0m
[2.335s] [01m[K/home/astrox/robot_model/src/robot_controller/src/read_controller.cpp:[m[K In constructor â€˜[01m[KJoyReader::[01;32m[KJoyReader[m[K()[m[Kâ€™:
[2.335s] [01m[K/home/astrox/robot_model/src/robot_controller/src/read_controller.cpp:15:9:[m[K [01;31m[Kerror: [m[Kâ€˜[01m[K_non_holonomic[m[Kâ€™ was not declared in this scope; did you mean â€˜[01m[Knon_holonomic[m[Kâ€™?
[2.335s]    15 |         [01;31m[K_non_holonomic[m[K = this->create_publisher<geometry_msgs::msg::Twist>("speed/non_holonomic", 10);
[2.336s]       |         [01;31m[K^~~~~~~~~~~~~~[m[K
[2.336s]       |         [32m[Knon_holonomic[m[K
[2.342s] [01m[K/home/astrox/robot_model/src/robot_controller/src/read_controller.cpp:17:9:[m[K [01;31m[Kerror: [m[Kâ€˜[01m[K_holonomic[m[Kâ€™ was not declared in this scope; did you mean â€˜[01m[Kholonomic[m[Kâ€™?
[2.342s]    17 |         [01;31m[K_holonomic[m[K = this->create_publisher<geometry_msgs::msg::Twist>("speed/holonomic", 10);
[2.342s]       |         [01;31m[K^~~~~~~~~~[m[K
[2.342s]       |         [32m[Kholonomic[m[K
[2.347s] [01m[K/home/astrox/robot_model/src/robot_controller/src/read_controller.cpp:19:9:[m[K [01;31m[Kerror: [m[Kâ€˜[01m[Ktimer_[m[Kâ€™ was not declared in this scope; did you mean â€˜[01m[Ktimer_t[m[Kâ€™?
[2.347s]    19 |         [01;31m[Ktimer_[m[K = this->create_wall_timer(std::chrono::milliseconds(10), std::bind(&JoyReader::non_holonomic, this));
[2.347s]       |         [01;31m[K^~~~~~[m[K
[2.347s]       |         [32m[Ktimer_t[m[K
[2.347s] In file included from [01m[K/opt/ros/jazzy/include/rclcpp/rclcpp/utilities.hpp:19[m[K,
[2.348s]                  from [01m[K/opt/ros/jazzy/include/rclcpp/rclcpp/logging.hpp:25[m[K,
[2.348s]                  from [01m[K/opt/ros/jazzy/include/rclcpp/rclcpp/copy_all_parameter_values.hpp:27[m[K,
[2.348s]                  from [01m[K/opt/ros/jazzy/include/rclcpp/rclcpp/rclcpp.hpp:171[m[K,
[2.348s]                  from [01m[K/home/astrox/robot_model/src/robot_controller/src/read_controller.cpp:1[m[K:
[2.348s] /usr/include/c++/13/functional: In instantiation of â€˜[01m[Kstruct std::_Bind_check_arity<void (JoyReader::*)(double, double), JoyReader*>[m[Kâ€™:
[2.348s] [01m[K/usr/include/c++/13/functional:859:12:[m[K   required from â€˜[01m[Kstruct std::_Bind_helper<false, void (JoyReader::*)(double, double), JoyReader*>[m[Kâ€™
[2.348s] [01m[K/usr/include/c++/13/functional:881:5:[m[K   required by substitution of â€˜[01m[Ktemplate<class _Func, class ... _BoundArgs> typename std::_Bind_helper<std::__is_socketlike<_Func>::value, _Func, _BoundArgs ...>::type std::[01;32m[Kbind[m[K(_Func&&, _BoundArgs&& ...) [35m[K[with _Func = void (JoyReader::*)(double, double); _BoundArgs = {JoyReader*}][m[K[m[Kâ€™
[2.348s] [01m[K/home/astrox/robot_model/src/robot_controller/src/read_controller.cpp:19:82:[m[K   required from here
[2.348s] [01m[K/usr/include/c++/13/functional:847:21:[m[K [01;31m[Kerror: [m[Kstatic assertion failed: Wrong number of arguments for pointer-to-member
[2.349s]   846 |       static_assert(_Varargs::[01;31m[Kvalue[m[K
[2.349s]       |                               [01;31m[K~~~~~[m[K
[2.349s]   847 | [01;31m[K                    ? sizeof...(_BoundArgs) >= _Arity::value + 1[m[K
[2.349s]       |                     [01;31m[K^~~~~~~~~~~~~~~~~~~~~~~~~~~~~~~~~~~~~~~~~~~~[m[K
[2.349s]   848 | [01;31m[K                    : sizeof...(_BoundArgs) == _Arity::value + 1[m[K,
[2.349s]       |                     [01;31m[K~~~~~~~~~~~~~~~~~~~~~~~~~~~~~~~~~~~~~~~~~~~~[m[K
[2.349s] [01m[K/usr/include/c++/13/functional:847:21:[m[K [01;36m[Knote: [m[Kâ€˜[01m[K(false ? (1 >= (((long unsigned int)std::integral_constant<long unsigned int, 2>::value) + 1)) : (1 == (((long unsigned int)std::integral_constant<long unsigned int, 2>::value) + 1)))[m[Kâ€™ evaluates to false
[2.352s] [01m[K/home/astrox/robot_model/src/robot_controller/src/read_controller.cpp:19:41:[m[K [01;31m[Kerror: [m[Kno matching function for call to â€˜[01m[KJoyReader::create_wall_timer(std::chrono::milliseconds, std::_Bind_helper<false, void (JoyReader::*)(double, double), JoyReader*>::type)[m[Kâ€™
[2.352s]    19 |         timer_ = [01;31m[Kthis->create_wall_timer(std::chrono::milliseconds(10), std::bind(&JoyReader::non_holonomic, this))[m[K;
[2.352s]       |                  [01;31m[K~~~~~~~~~~~~~~~~~~~~~~~^~~~~~~~~~~~~~~~~~~~~~~~~~~~~~~~~~~~~~~~~~~~~~~~~~~~~~~~~~~~~~~~~~~~~~~~~~~[m[K
[2.352s] In file included from [01m[K/opt/ros/jazzy/include/rclcpp/rclcpp/executors/single_threaded_executor.hpp:28[m[K,
[2.352s]                  from [01m[K/opt/ros/jazzy/include/rclcpp/rclcpp/executors.hpp:22[m[K,
[2.352s]                  from [01m[K/opt/ros/jazzy/include/rclcpp/rclcpp/rclcpp.hpp:172[m[K:
[2.352s] [01m[K/opt/ros/jazzy/include/rclcpp/rclcpp/node.hpp:241:3:[m[K [01;36m[Knote: [m[Kcandidate: â€˜[01m[Ktemplate<class DurationRepT, class DurationT, class CallbackT> typename rclcpp::WallTimer<CallbackT>::SharedPtr rclcpp::Node::[01;32m[Kcreate_wall_timer[m[K(std::chrono::duration<_Rep1, _Period1>, CallbackT, rclcpp::CallbackGroup::SharedPtr, bool)[m[Kâ€™
[2.352s]   241 |   [01;36m[Kcreate_wall_timer[m[K(
[2.352s]       |   [01;36m[K^~~~~~~~~~~~~~~~~[m[K
[2.352s] [01m[K/opt/ros/jazzy/include/rclcpp/rclcpp/node.hpp:241:3:[m[K [01;36m[Knote: [m[K  template argument deduction/substitution failed:
[2.352s] In file included from [01m[K/opt/ros/jazzy/include/rclcpp/rclcpp/node.hpp:1663[m[K:
[2.352s] /opt/ros/jazzy/include/rclcpp/rclcpp/node_impl.hpp: In substitution of â€˜[01m[Ktemplate<class DurationRepT, class DurationT, class CallbackT> typename rclcpp::WallTimer<CallbackT>::SharedPtr rclcpp::Node::[01;32m[Kcreate_wall_timer[m[K(std::chrono::duration<_Rep1, _Period1>, CallbackT, rclcpp::CallbackGroup::SharedPtr, bool) [35m[K[with DurationRepT = long int; DurationT = std::ratio<1, 1000>; CallbackT = std::_Bind<void (JoyReader::*(JoyReader*))(double, double)>][m[K[m[Kâ€™:
[2.353s] [01m[K/home/astrox/robot_model/src/robot_controller/src/read_controller.cpp:19:41:[m[K   required from here
[2.353s] [01m[K/opt/ros/jazzy/include/rclcpp/rclcpp/node_impl.hpp:110:1:[m[K [01;31m[Kerror: [m[Kno type named â€˜[01m[Ktype[m[Kâ€™ in â€˜[01m[Kstruct std::enable_if<false, void>[m[Kâ€™
[2.353s]   110 | [01;31m[KNode[m[K::create_wall_timer(
[2.353s]       | [01;31m[K^~~~[m[K
[2.353s] [01m[K/opt/ros/jazzy/include/rclcpp/rclcpp/node_impl.hpp:110:1:[m[K [01;31m[Kerror: [m[Kno type named â€˜[01m[Ktype[m[Kâ€™ in â€˜[01m[Kstruct std::enable_if<false, void>[m[Kâ€™
[2.353s] [01m[K/opt/ros/jazzy/include/rclcpp/rclcpp/node_impl.hpp:110:1:[m[K [01;36m[Knote: [m[Kinvalid template non-type parameter
[2.354s] [01m[K/home/astrox/robot_model/src/robot_controller/src/read_controller.cpp:[m[K In member function â€˜[01m[Kvoid JoyReader::[01;32m[Knon_holonomic[m[K(double, double)[m[Kâ€™:
[2.354s] [01m[K/home/astrox/robot_model/src/robot_controller/src/read_controller.cpp:30:31:[m[K [01;35m[Kwarning: [m[Kunused parameter â€˜[01m[Kaxes_i[m[Kâ€™ [[01;35m[K]8;;https://gcc.gnu.org/onlinedocs/gcc/Warning-Options.html#index-Wunused-parameter-Wunused-parameter]8;;[m[K]
[2.354s]    30 |     void non_holonomic([01;35m[Kdouble axes_i[m[K,double axes_ii)
[2.355s]       |                        [01;35m[K~~~~~~~^~~~~~[m[K
[2.355s] [01m[K/home/astrox/robot_model/src/robot_controller/src/read_controller.cpp:30:45:[m[K [01;35m[Kwarning: [m[Kunused parameter â€˜[01m[Kaxes_ii[m[Kâ€™ [[01;35m[K]8;;https://gcc.gnu.org/onlinedocs/gcc/Warning-Options.html#index-Wunused-parameter-Wunused-parameter]8;;[m[K]
[2.355s]    30 |     void non_holonomic(double axes_i,[01;35m[Kdouble axes_ii[m[K)
[2.355s]       |                                      [01;35m[K~~~~~~~^~~~~~~[m[K
[2.355s] [01m[K/home/astrox/robot_model/src/robot_controller/src/read_controller.cpp:[m[K In member function â€˜[01m[Kvoid JoyReader::[01;32m[Kholonomic[m[K(double, double)[m[Kâ€™:
[2.355s] [01m[K/home/astrox/robot_model/src/robot_controller/src/read_controller.cpp:34:27:[m[K [01;35m[Kwarning: [m[Kunused parameter â€˜[01m[Kaxes_i[m[Kâ€™ [[01;35m[K]8;;https://gcc.gnu.org/onlinedocs/gcc/Warning-Options.html#index-Wunused-parameter-Wunused-parameter]8;;[m[K]
[2.355s]    34 |     void holonomic([01;35m[Kdouble axes_i[m[K,double axes_ii)
[2.355s]       |                    [01;35m[K~~~~~~~^~~~~~[m[K
[2.355s] [01m[K/home/astrox/robot_model/src/robot_controller/src/read_controller.cpp:34:41:[m[K [01;35m[Kwarning: [m[Kunused parameter â€˜[01m[Kaxes_ii[m[Kâ€™ [[01;35m[K]8;;https://gcc.gnu.org/onlinedocs/gcc/Warning-Options.html#index-Wunused-parameter-Wunused-parameter]8;;[m[K]
[2.355s]    34 |     void holonomic(double axes_i,[01;35m[Kdouble axes_ii[m[K)
[2.355s]       |                                  [01;35m[K~~~~~~~^~~~~~~[m[K
[4.591s] gmake[2]: *** [CMakeFiles/ps2_controller.dir/build.make:76: CMakeFiles/ps2_controller.dir/src/read_controller.cpp.o] Error 1
[4.591s] gmake[1]: *** [CMakeFiles/Makefile2:137: CMakeFiles/ps2_controller.dir/all] Error 2
[4.591s] gmake: *** [Makefile:146: all] Error 2
[4.592s] Invoked command in '/home/astrox/robot_model/build/robot_controller' returned '2': CMAKE_PREFIX_PATH=${CMAKE_PREFIX_PATH}:/opt/ros/jazzy DEBUGINFOD_URLS=https://debuginfod.ubuntu.com /usr/bin/cmake --build /home/astrox/robot_model/build/robot_controller -- -j12 -l12
